Using pre-set license
Built from '2020.3/staging' branch; Version is '2020.3.45f1 (660cd1701bd5) revision 6687953'; Using compiler version '192528614'; Build Type 'Release'
OS: 'Windows 10  (10.0.19045) 64bit Core' Language: 'nl' Physical Memory: 8000 MB
BatchMode: 1, IsHumanControllingUs: 0, StartBugReporterOnCrash: 0, Is64bit: 1, IsPro: 0

COMMAND LINE ARGUMENTS:
C:\Program Files\Unity\Hub\Editor\2020.3.45f1\Editor\Unity.exe
-adb2
-batchMode
-noUpm
-name
AssetImportWorker0
-projectPath
C:/Users/david/OneDrive - Montessori Scholengemeenschap Amsterdam/Coderclass/Gamejam 24/GameJam-2024/GameJam 2024
-logFile
Logs/AssetImportWorker0.log
-srvPort
65105
Successfully changed project path to: C:/Users/david/OneDrive - Montessori Scholengemeenschap Amsterdam/Coderclass/Gamejam 24/GameJam-2024/GameJam 2024
C:/Users/david/OneDrive - Montessori Scholengemeenschap Amsterdam/Coderclass/Gamejam 24/GameJam-2024/GameJam 2024
Using Asset Import Pipeline V2.
Player connection [24260] Host "[IP] 192.168.56.1 [Port] 73 [Flags] 2 [Guid] 1636946384 [EditorId] 1636946384 [Version] 1048832 [Id] WindowsEditor(7,LAPTOP-VRQN3OOE) [Debug] 1 [PackageName] WindowsEditor [ProjectName] Editor" joined multi-casting on [225.0.0.222:54997]...

Player connection [24260] Host "[IP] 192.168.56.1 [Port] 73 [Flags] 2 [Guid] 1636946384 [EditorId] 1636946384 [Version] 1048832 [Id] WindowsEditor(7,LAPTOP-VRQN3OOE) [Debug] 1 [PackageName] WindowsEditor [ProjectName] Editor" joined alternative multi-casting on [225.0.0.222:34997]...

Refreshing native plugins compatible for Editor in 147.99 ms, found 3 plugins.
Preloading 0 native plugins for Editor in 0.00 ms.
Initialize engine version: 2020.3.45f1 (660cd1701bd5)
[Subsystems] Discovering subsystems at path C:/Program Files/Unity/Hub/Editor/2020.3.45f1/Editor/Data/Resources/UnitySubsystems
[Subsystems] Discovering subsystems at path C:/Users/david/OneDrive - Montessori Scholengemeenschap Amsterdam/Coderclass/Gamejam 24/GameJam-2024/GameJam 2024/Assets
GfxDevice: creating device client; threaded=0
Direct3D:
    Version:  Direct3D 11.0 [level 11.1]
    Renderer: NVIDIA GeForce GTX 1050 (ID=0x1c91)
    Vendor:   
    VRAM:     2996 MB
    Driver:   31.0.15.4680
Initialize mono
Mono path[0] = 'C:/Program Files/Unity/Hub/Editor/2020.3.45f1/Editor/Data/Managed'
Mono path[1] = 'C:/Program Files/Unity/Hub/Editor/2020.3.45f1/Editor/Data/MonoBleedingEdge/lib/mono/unityjit'
Mono config path = 'C:/Program Files/Unity/Hub/Editor/2020.3.45f1/Editor/Data/MonoBleedingEdge/etc'
Using monoOptions --debugger-agent=transport=dt_socket,embedding=1,server=y,suspend=n,address=127.0.0.1:56240
Begin MonoManager ReloadAssembly
Registering precompiled unity dll's ...
Register platform support module: C:/Program Files/Unity/Hub/Editor/2020.3.45f1/Editor/Data/PlaybackEngines/WindowsStandaloneSupport/UnityEditor.WindowsStandalone.Extensions.dll
Registered in 0.004410 seconds.
Native extension for WindowsStandalone target not found
Refreshing native plugins compatible for Editor in 39.34 ms, found 3 plugins.
Preloading 0 native plugins for Editor in 0.00 ms.
Mono: successfully reloaded assembly
- Completed reload, in  0.723 seconds
Domain Reload Profiling:
	ReloadAssembly (723ms)
		BeginReloadAssembly (127ms)
			ExecutionOrderSort (0ms)
			DisableScriptedObjects (0ms)
			BackupInstance (0ms)
			ReleaseScriptingObjects (0ms)
			CreateAndSetChildDomain (2ms)
		EndReloadAssembly (509ms)
			LoadAssemblies (120ms)
			RebuildTransferFunctionScriptingTraits (1ms)
			SetupTypeCache (171ms)
			ReleaseScriptCaches (0ms)
			RebuildScriptCaches (28ms)
			SetupLoadedEditorAssemblies (170ms)
				LogAssemblyErrors (0ms)
				InitializePlatformSupportModulesInManaged (7ms)
				SetLoadedEditorAssemblies (0ms)
				RefreshPlugins (39ms)
				BeforeProcessingInitializeOnLoad (16ms)
				ProcessInitializeOnLoadAttributes (82ms)
				ProcessInitializeOnLoadMethodAttributes (26ms)
				AfterProcessingInitializeOnLoad (0ms)
				EditorAssembliesLoaded (0ms)
			ExecutionOrderSort2 (0ms)
			AwakeInstancesAfterBackupRestoration (0ms)
Platform modules already initialized, skipping
Registering precompiled user dll's ...
Registered in 0.008505 seconds.
Begin MonoManager ReloadAssembly
Native extension for WindowsStandalone target not found
Refreshing native plugins compatible for Editor in 39.09 ms, found 3 plugins.
Preloading 0 native plugins for Editor in 0.00 ms.
Mono: successfully reloaded assembly
- Completed reload, in  1.243 seconds
Domain Reload Profiling:
	ReloadAssembly (1250ms)
		BeginReloadAssembly (158ms)
			ExecutionOrderSort (0ms)
			DisableScriptedObjects (5ms)
			BackupInstance (0ms)
			ReleaseScriptingObjects (0ms)
			CreateAndSetChildDomain (18ms)
		EndReloadAssembly (1005ms)
			LoadAssemblies (160ms)
			RebuildTransferFunctionScriptingTraits (0ms)
			SetupTypeCache (315ms)
			ReleaseScriptCaches (0ms)
			RebuildScriptCaches (45ms)
			SetupLoadedEditorAssemblies (387ms)
				LogAssemblyErrors (0ms)
				InitializePlatformSupportModulesInManaged (4ms)
				SetLoadedEditorAssemblies (0ms)
				RefreshPlugins (39ms)
				BeforeProcessingInitializeOnLoad (86ms)
				ProcessInitializeOnLoadAttributes (217ms)
				ProcessInitializeOnLoadMethodAttributes (28ms)
				AfterProcessingInitializeOnLoad (12ms)
				EditorAssembliesLoaded (0ms)
			ExecutionOrderSort2 (0ms)
			AwakeInstancesAfterBackupRestoration (2ms)
Platform modules already initialized, skipping
========================================================================
Worker process is ready to serve import requests
Launched and connected shader compiler UnityShaderCompiler.exe after 0.06 seconds
Refreshing native plugins compatible for Editor in 0.39 ms, found 3 plugins.
Preloading 0 native plugins for Editor in 0.00 ms.
Unloading 2030 Unused Serialized files (Serialized files now loaded: 0)
System memory in use before: 95.0 MB.
System memory in use after: 95.0 MB.

Unloading 25 unused Assets to reduce memory usage. Loaded Objects now: 2468.
Total: 6.440800 ms (FindLiveObjects: 0.158700 ms CreateObjectMapping: 0.057000 ms MarkObjects: 6.156200 ms  DeleteObjects: 0.067700 ms)

AssetImportParameters requested are different than current active one (requested -> active):
  custom:framework-win-MediaFoundation: 216162199b28c13a410421893ffa2e32 -> 
  custom:video-decoder-ogg-theora: a1e56fd34408186e4bbccfd4996cb3dc -> 
  custom:container-muxer-webm: aa71ff27fc2769a1b78a27578f13a17b -> 
  custom:container-demuxer-webm: 4f35f7cbe854078d1ac9338744f61a02 -> 
  custom:container-demuxer-ogg: 62fdf1f143b41e24485cea50d1cbac27 -> 
  custom:video-encoder-webm-vp8: eb34c28f22e8b96e1ab97ce403110664 -> 
  custom:video-codec-MediaFoundation-h265: 746d11721c4dcdbdad8f713fa42b33f4 -> 
  custom:video-decoder-webm-vp8: 9c59270c3fd7afecdb556c50c9e8de78 -> 
  custom:audio-decoder-ogg-vorbis: bf7c407c2cedff20999df2af8eb42d56 -> 
  custom:audio-encoder-webm-vorbis: bf7c407c2cedff20999df2af8eb42d56 -> 
========================================================================
Received Import Request.
  path: Assets/Prefabs/Scrap Metal.prefab
  artifactKey: Guid(54aa55f8296ac124196a1e3f07a8d878) Importer(815301076,1909f56bfc062723c751e8b465ee728b)
Start importing Assets/Prefabs/Scrap Metal.prefab using Guid(54aa55f8296ac124196a1e3f07a8d878) Importer(815301076,1909f56bfc062723c751e8b465ee728b)  -> (artifact id: '6771380175b86aa45fae6c855d1b4525') in 0.162461 seconds 
========================================================================
Received Import Request.
  Time since last request: 0.000386 seconds.
  path: Assets/Scenes
  artifactKey: Guid(131a6b21c8605f84396be9f6751fb6e3) Importer(815301076,1909f56bfc062723c751e8b465ee728b)
Start importing Assets/Scenes using Guid(131a6b21c8605f84396be9f6751fb6e3) Importer(815301076,1909f56bfc062723c751e8b465ee728b)  -> (artifact id: 'df75b7d1a31c5b4f73fd45661b403b04') in 0.003412 seconds 
========================================================================
Received Import Request.
  Time since last request: 0.000377 seconds.
  path: Assets/Prefabs/Player.prefab
  artifactKey: Guid(a19a344a64358fc4f9425e1b5b3189c7) Importer(815301076,1909f56bfc062723c751e8b465ee728b)
Start importing Assets/Prefabs/Player.prefab using Guid(a19a344a64358fc4f9425e1b5b3189c7) Importer(815301076,1909f56bfc062723c751e8b465ee728b)  -> (artifact id: '8f52f40163bd8a44b149d2fc5d55ed28') in 0.017700 seconds 
========================================================================
Received Import Request.
  Time since last request: 0.000489 seconds.
  path: Assets/Sprites/Scrap Metal.png
  artifactKey: Guid(ba6e10da7d3301f4ab632421f113a8cd) Importer(815301076,1909f56bfc062723c751e8b465ee728b)
Start importing Assets/Sprites/Scrap Metal.png using Guid(ba6e10da7d3301f4ab632421f113a8cd) Importer(815301076,1909f56bfc062723c751e8b465ee728b)  -> (artifact id: 'de0ea2b63f058513d354ecf156214513') in 0.052698 seconds 
========================================================================
Received Import Request.
  Time since last request: 5.035589 seconds.
  path: Assets/Sprites/Tanks.png
  artifactKey: Guid(5e8769c29f33e514295c08aba4a918d7) Importer(815301076,1909f56bfc062723c751e8b465ee728b)
Start importing Assets/Sprites/Tanks.png using Guid(5e8769c29f33e514295c08aba4a918d7) Importer(815301076,1909f56bfc062723c751e8b465ee728b)  -> (artifact id: '6190f63ffcb570deee9f79f1d0377ef5') in 0.028560 seconds 
========================================================================
Received Import Request.
  Time since last request: 10.868483 seconds.
  path: Assets/Sprites/Turrets.png
  artifactKey: Guid(5e8769c29f33e514295c08aba4a918d7) Importer(815301076,1909f56bfc062723c751e8b465ee728b)
Start importing Assets/Sprites/Turrets.png using Guid(5e8769c29f33e514295c08aba4a918d7) Importer(815301076,1909f56bfc062723c751e8b465ee728b)  -> (artifact id: '5f3a54ce1de99e3e2b70f41a8e3e66e2') in 0.018895 seconds 
========================================================================
Received Import Request.
  Time since last request: 114.836054 seconds.
  path: Assets/Sprites/Tanks.png
  artifactKey: Guid(0f1004646bab7384c92530a1ceed8881) Importer(815301076,1909f56bfc062723c751e8b465ee728b)
Start importing Assets/Sprites/Tanks.png using Guid(0f1004646bab7384c92530a1ceed8881) Importer(815301076,1909f56bfc062723c751e8b465ee728b)  -> (artifact id: '7e18d59981e6d2f2fd0d0502d7a05849') in 0.032830 seconds 
========================================================================
Received Import Request.
  Time since last request: 75.604045 seconds.
  path: Assets/Sprites/Turret.png
  artifactKey: Guid(2f93d0bcb2c27204b9fa903a061b5623) Importer(815301076,1909f56bfc062723c751e8b465ee728b)
Start importing Assets/Sprites/Turret.png using Guid(2f93d0bcb2c27204b9fa903a061b5623) Importer(815301076,1909f56bfc062723c751e8b465ee728b)  -> (artifact id: '506a33747273f120f2537e6589ae2a54') in 0.019655 seconds 
========================================================================
Received Import Request.
  Time since last request: 146.797524 seconds.
  path: Assets/Sprites/Turret.png
  artifactKey: Guid(2f93d0bcb2c27204b9fa903a061b5623) Importer(815301076,1909f56bfc062723c751e8b465ee728b)
Start importing Assets/Sprites/Turret.png using Guid(2f93d0bcb2c27204b9fa903a061b5623) Importer(815301076,1909f56bfc062723c751e8b465ee728b)  -> (artifact id: '1553ab728bcffa1844274a58664c3c5c') in 0.016917 seconds 
========================================================================
Received Import Request.
  Time since last request: 11.371678 seconds.
  path: Assets/Sprites/Turret.png
  artifactKey: Guid(2f93d0bcb2c27204b9fa903a061b5623) Importer(815301076,1909f56bfc062723c751e8b465ee728b)
Start importing Assets/Sprites/Turret.png using Guid(2f93d0bcb2c27204b9fa903a061b5623) Importer(815301076,1909f56bfc062723c751e8b465ee728b)  -> (artifact id: '601cda9be3e040440e751fc53097e17c') in 0.015098 seconds 
AssetImportWorkerClient::OnTransportError - code=2 error=End of file
